<?xml version="1.0" encoding="UTF-8"?>
<testng-results skipped="0" failed="0" ignored="0" total="1" passed="1">
  <reporter-output>
  </reporter-output>
  <suite name="Suite" duration-ms="57" started-at="2022-03-24T09:22:34Z" finished-at="2022-03-24T09:22:34Z">
    <groups>
    </groups>
    <test name="Test" duration-ms="57" started-at="2022-03-24T09:22:34Z" finished-at="2022-03-24T09:22:34Z">
      <class name="SeleniumProject.jenkinsproject.TestClass">
        <test-method status="PASS" signature="m()[pri:0, instance:SeleniumProject.jenkinsproject.TestClass@40e6dfe1]" name="m" duration-ms="16" started-at="2022-03-24T09:22:34Z" finished-at="2022-03-24T09:22:34Z">
          <reporter-output>
          </reporter-output>
        </test-method> <!-- m -->
      </class> <!-- SeleniumProject.jenkinsproject.TestClass -->
    </test> <!-- Test -->
  </suite> <!-- Suite -->
</testng-results>
